<?xml version="1.0" encoding="UTF-8"?>
<!-- Generated by org.testng.reporters.JUnitXMLReporter -->
<testsuite ignored="2" hostname="MANJARA-IN-LE01" failures="0" tests="2" name="Ecommerce Login Page" time="79.154" errors="0" timestamp="2023-10-01T20:08:52 IST">
  <testcase classname="ecommerce.EndtoEndTest" name="cartItems" time="27.915"/>
  <testcase classname="ecommerce.EndtoEndTest" name="cartItems" time="26.615"/>
  <testcase classname="ecommerce.LoginTest" name="InvalidLogin" time="0.0">
    <ignored/>
  </testcase> <!-- InvalidLogin -->
  <testcase classname="ecommerce.LoginTest" name="ValidLogin" time="0.0">
    <ignored/>
  </testcase> <!-- ValidLogin -->
</testsuite> <!-- Ecommerce Login Page -->
